<?xml version="1.0" encoding="UTF-8"?>
<!-- Generated by org.testng.reporters.JUnitReportReporter -->
<testsuite hostname="Asus" failures="0" tests="3" name="test_ng_basics.new_test_ng_execution" time="0.028" errors="0" timestamp="2023-06-20T15:50:06 IST" skipped="0">
  <testcase classname="test_ng_basics.new_test_ng_execution" name="test2" time="0.004"/>
  <testcase classname="test_ng_basics.new_test_ng_execution" name="test3" time="0.004"/>
  <testcase classname="test_ng_basics.new_test_ng_execution" name="test1" time="0.020"/>
</testsuite> <!-- test_ng_basics.new_test_ng_execution -->
