<?xml version="1.0" encoding="UTF-8"?>
<!-- Generated by org.testng.reporters.JUnitReportReporter -->
<testsuite hostname="Asus" failures="0" tests="2" name="testngannotations.NewTest" time="0.031" errors="0" timestamp="2023-06-22T11:01:36 IST" skipped="0">
  <testcase classname="testngannotations.NewTest" name="f" time="0.026"/>
  <testcase classname="testngannotations.NewTest" name="f" time="0.005"/>
</testsuite> <!-- testngannotations.NewTest -->
