<?xml version="1.0" encoding="UTF-8"?>
<!-- Generated by org.testng.reporters.JUnitReportReporter -->
<testsuite hostname="Asus" failures="0" tests="3" name="test_ng_1.NewTest" time="25.678" errors="0" timestamp="2023-06-21T11:48:41 IST" skipped="0">
  <testcase classname="test_ng_1.NewTest" name="openApp" time="22.115"/>
  <testcase classname="test_ng_1.NewTest" name="loginApp" time="3.240"/>
  <testcase classname="test_ng_1.NewTest" name="closeApp" time="0.323"/>
</testsuite> <!-- test_ng_1.NewTest -->
